# JRE version: Java(TM) SE Runtime Environment (17.0.2+8) (build 17.0.2+8-LTS-86)
# Java VM: Java HotSpot(TM) 64-Bit Server VM (17.0.2+8-LTS-86, mixed mode, sharing, tiered, compressed oops, compressed class ptrs, g1 gc, windows-amd64)
GC Precious Log:
 CPUs: 12 total, 12 available
 Memory: 16269M
 Large Page Support: Disabled
 NUMA Support: Disabled
 Compressed Oops: Enabled (32-bit)
 Heap Region Size: 1M
 Heap Min Capacity: 256M
 Heap Initial Capacity: 256M
 Heap Max Capacity: 512M
 Pre-touch: Disabled
 Parallel Workers: 10
 Concurrent Workers: 3
 Concurrent Refinement Workers: 10
 Periodic GC: Disabled
Heap:
 garbage-first heap   total 262144K, used 136132K [0x00000000e0000000, 0x0000000100000000)
  region size 1024K, 71 young (72704K), 9 survivors (9216K)
 Metaspace       used 61653K, committed 62336K, reserved 270336K
  class space    used 8271K, committed 8576K, reserved 212992K
GC Heap History (20 events):
Event: 1.679 GC heap before
{Heap before GC invocations=2 (full 0):
 garbage-first heap   total 262144K, used 111830K [0x00000000e0000000, 0x0000000100000000)
  region size 1024K, 101 young (103424K), 4 survivors (4096K)
 Metaspace       used 21202K, committed 21504K, reserved 237568K
  class space    used 3177K, committed 3328K, reserved 212992K
}
Event: 1.684 GC heap after
{Heap after GC invocations=3 (full 0):
 garbage-first heap   total 262144K, used 20842K [0x00000000e0000000, 0x0000000100000000)
  region size 1024K, 12 young (12288K), 12 survivors (12288K)
 Metaspace       used 21202K, committed 21504K, reserved 237568K
  class space    used 3177K, committed 3328K, reserved 212992K
}
Event: 2.574 GC heap before
{Heap before GC invocations=4 (full 0):
 garbage-first heap   total 262144K, used 125290K [0x00000000e0000000, 0x0000000100000000)
  region size 1024K, 112 young (114688K), 12 survivors (12288K)
 Metaspace       used 35672K, committed 35968K, reserved 245760K
  class space    used 4914K, committed 5056K, reserved 212992K
}
Event: 2.582 GC heap after
{Heap after GC invocations=5 (full 0):
 garbage-first heap   total 262144K, used 29682K [0x00000000e0000000, 0x0000000100000000)
  region size 1024K, 16 young (16384K), 16 survivors (16384K)
 Metaspace       used 35672K, committed 35968K, reserved 245760K
  class space    used 4914K, committed 5056K, reserved 212992K
}
Event: 2.591 GC heap before
{Heap before GC invocations=5 (full 0):
 garbage-first heap   total 262144K, used 30706K [0x00000000e0000000, 0x0000000100000000)
  region size 1024K, 17 young (17408K), 16 survivors (16384K)
 Metaspace       used 35846K, committed 36224K, reserved 245760K
  class space    used 4932K, committed 5120K, reserved 212992K
}
Event: 2.597 GC heap after
{Heap after GC invocations=6 (full 0):
 garbage-first heap   total 262144K, used 30227K [0x00000000e0000000, 0x0000000100000000)
  region size 1024K, 2 young (2048K), 2 survivors (2048K)
 Metaspace       used 35846K, committed 36224K, reserved 245760K
  class space    used 4932K, committed 5120K, reserved 212992K
}
Event: 2.605 GC heap before
{Heap before GC invocations=6 (full 0):
 garbage-first heap   total 262144K, used 30227K [0x00000000e0000000, 0x0000000100000000)
  region size 1024K, 3 young (3072K), 2 survivors (2048K)
 Metaspace       used 35967K, committed 36288K, reserved 245760K
  class space    used 4951K, committed 5120K, reserved 212992K
}
Event: 2.606 GC heap after
{Heap after GC invocations=7 (full 0):
 garbage-first heap   total 262144K, used 28816K [0x00000000e0000000, 0x0000000100000000)
  region size 1024K, 1 young (1024K), 1 survivors (1024K)
 Metaspace       used 35967K, committed 36288K, reserved 245760K
  class space    used 4951K, committed 5120K, reserved 212992K
}
Event: 3.839 GC heap before
{Heap before GC invocations=8 (full 0):
 garbage-first heap   total 262144K, used 184464K [0x00000000e0000000, 0x0000000100000000)
  region size 1024K, 153 young (156672K), 1 survivors (1024K)
 Metaspace       used 47490K, committed 48064K, reserved 262144K
  class space    used 6697K, committed 6976K, reserved 212992K
}
Event: 3.845 GC heap after
{Heap after GC invocations=9 (full 0):
 garbage-first heap   total 262144K, used 40125K [0x00000000e0000000, 0x0000000100000000)
  region size 1024K, 12 young (12288K), 12 survivors (12288K)
 Metaspace       used 47490K, committed 48064K, reserved 262144K
  class space    used 6697K, committed 6976K, reserved 212992K
}
Event: 4.497 GC heap before
{Heap before GC invocations=9 (full 0):
 garbage-first heap   total 262144K, used 184509K [0x00000000e0000000, 0x0000000100000000)
  region size 1024K, 153 young (156672K), 12 survivors (12288K)
 Metaspace       used 49614K, committed 50112K, reserved 262144K
  class space    used 6974K, committed 7232K, reserved 212992K
}
Event: 4.510 GC heap after
{Heap after GC invocations=10 (full 0):
 garbage-first heap   total 262144K, used 53803K [0x00000000e0000000, 0x0000000100000000)
  region size 1024K, 14 young (14336K), 14 survivors (14336K)
 Metaspace       used 49614K, committed 50112K, reserved 262144K
  class space    used 6974K, committed 7232K, reserved 212992K
}
Event: 112.625 GC heap before
{Heap before GC invocations=10 (full 0):
 garbage-first heap   total 262144K, used 198187K [0x00000000e0000000, 0x0000000100000000)
  region size 1024K, 153 young (156672K), 14 survivors (14336K)
 Metaspace       used 59062K, committed 59648K, reserved 270336K
  class space    used 8141K, committed 8448K, reserved 212992K
}
Event: 112.635 GC heap after
{Heap after GC invocations=11 (full 0):
 garbage-first heap   total 262144K, used 63024K [0x00000000e0000000, 0x0000000100000000)
  region size 1024K, 11 young (11264K), 11 survivors (11264K)
 Metaspace       used 59062K, committed 59648K, reserved 270336K
  class space    used 8141K, committed 8448K, reserved 212992K
}
Event: 113.086 GC heap before
{Heap before GC invocations=11 (full 0):
 garbage-first heap   total 262144K, used 154160K [0x00000000e0000000, 0x0000000100000000)
  region size 1024K, 98 young (100352K), 11 survivors (11264K)
 Metaspace       used 60178K, committed 60800K, reserved 270336K
  class space    used 8209K, committed 8512K, reserved 212992K
}
Event: 113.101 GC heap after
{Heap after GC invocations=12 (full 0):
 garbage-first heap   total 262144K, used 76376K [0x00000000e0000000, 0x0000000100000000)
  region size 1024K, 16 young (16384K), 16 survivors (16384K)
 Metaspace       used 60178K, committed 60800K, reserved 270336K
  class space    used 8209K, committed 8512K, reserved 212992K
}
Event: 132.849 GC heap before
{Heap before GC invocations=13 (full 0):
 garbage-first heap   total 262144K, used 195160K [0x00000000e0000000, 0x0000000100000000)
  region size 1024K, 133 young (136192K), 16 survivors (16384K)
 Metaspace       used 60991K, committed 61632K, reserved 270336K
  class space    used 8261K, committed 8576K, reserved 212992K
}
Event: 132.853 GC heap after
{Heap after GC invocations=14 (full 0):
 garbage-first heap   total 262144K, used 71620K [0x00000000e0000000, 0x0000000100000000)
  region size 1024K, 7 young (7168K), 7 survivors (7168K)
 Metaspace       used 60991K, committed 61632K, reserved 270336K
  class space    used 8261K, committed 8576K, reserved 212992K
}
Event: 287.920 GC heap before
{Heap before GC invocations=14 (full 0):
 garbage-first heap   total 262144K, used 202692K [0x00000000e0000000, 0x0000000100000000)
  region size 1024K, 133 young (136192K), 7 survivors (7168K)
 Metaspace       used 61412K, committed 62080K, reserved 270336K
  class space    used 8270K, committed 8576K, reserved 212992K
}
Event: 287.923 GC heap after
{Heap after GC invocations=15 (full 0):
 garbage-first heap   total 262144K, used 74692K [0x00000000e0000000, 0x0000000100000000)
  region size 1024K, 9 young (9216K), 9 survivors (9216K)
 Metaspace       used 61412K, committed 62080K, reserved 270336K
  class space    used 8270K, committed 8576K, reserved 212992K
}

